<?xml version="1.0" encoding="UTF-8"?>
<testng-results skipped="0" failed="0" total="2" passed="2">
  <reporter-output>
  </reporter-output>
  <suite name="Suite" duration-ms="37136" started-at="2017-05-14T04:14:52Z" finished-at="2017-05-14T04:15:30Z">
    <groups>
    </groups>
    <test name="Test" duration-ms="37136" started-at="2017-05-14T04:14:52Z" finished-at="2017-05-14T04:15:30Z">
      <class name="TestCases.TestLogin">
        <test-method status="PASS" signature="setup()[pri:0, instance:TestCases.TestLogin@10683d9d]" name="setup" is-config="true" duration-ms="18945" started-at="2017-05-14T09:45:00Z" finished-at="2017-05-14T09:45:19Z">
          <reporter-output>
          </reporter-output>
        </test-method> <!-- setup -->
        <test-method status="PASS" signature="checklogin()[pri:0, instance:TestCases.TestLogin@10683d9d]" name="checklogin" duration-ms="8098" started-at="2017-05-14T09:45:19Z" finished-at="2017-05-14T09:45:27Z">
          <reporter-output>
          </reporter-output>
        </test-method> <!-- checklogin -->
      </class> <!-- TestCases.TestLogin -->
      <class name="TestCases.TestHome">
        <test-method status="PASS" signature="setup()[pri:0, instance:TestCases.TestHome@5bda8e08]" name="setup" is-config="true" duration-ms="7400" started-at="2017-05-14T09:44:52Z" finished-at="2017-05-14T09:45:00Z">
          <reporter-output>
          </reporter-output>
        </test-method> <!-- setup -->
        <test-method status="PASS" signature="checkTitle()[pri:0, instance:TestCases.TestHome@5bda8e08]" name="checkTitle" duration-ms="77" started-at="2017-05-14T09:45:00Z" finished-at="2017-05-14T09:45:00Z">
          <reporter-output>
          </reporter-output>
        </test-method> <!-- checkTitle -->
        <test-method status="PASS" signature="packup()[pri:0, instance:TestCases.TestHome@5bda8e08]" name="packup" is-config="true" duration-ms="1616" started-at="2017-05-14T09:45:27Z" finished-at="2017-05-14T09:45:29Z">
          <reporter-output>
          </reporter-output>
        </test-method> <!-- packup -->
        <test-method status="PASS" signature="packup()[pri:0, instance:TestCases.TestLogin@10683d9d]" name="packup" is-config="true" duration-ms="977" started-at="2017-05-14T09:45:29Z" finished-at="2017-05-14T09:45:30Z">
          <reporter-output>
          </reporter-output>
        </test-method> <!-- packup -->
      </class> <!-- TestCases.TestHome -->
    </test> <!-- Test -->
  </suite> <!-- Suite -->
</testng-results>
