<?xml version="1.0" encoding="UTF-8"?>
<testng-results skipped="0" failed="0" total="1" passed="1">
  <reporter-output>
  </reporter-output>
  <suite name="Suite" duration-ms="12278" started-at="2017-05-14T16:37:24Z" finished-at="2017-05-14T16:37:37Z">
    <groups>
    </groups>
    <test name="Test" duration-ms="12278" started-at="2017-05-14T16:37:24Z" finished-at="2017-05-14T16:37:37Z">
      <class name="TestCases.TestHome">
        <test-method status="PASS" signature="setup()[pri:0, instance:TestCases.TestHome@68567e20]" name="setup" is-config="true" duration-ms="9463" started-at="2017-05-14T22:07:24Z" finished-at="2017-05-14T22:07:34Z">
          <reporter-output>
          </reporter-output>
        </test-method> <!-- setup -->
        <test-method status="PASS" signature="checkTitle()[pri:0, instance:TestCases.TestHome@68567e20]" name="checkTitle" duration-ms="476" started-at="2017-05-14T22:07:34Z" finished-at="2017-05-14T22:07:34Z">
          <reporter-output>
          </reporter-output>
        </test-method> <!-- checkTitle -->
        <test-method status="PASS" signature="packup()[pri:0, instance:TestCases.TestHome@68567e20]" name="packup" is-config="true" duration-ms="2286" started-at="2017-05-14T22:07:34Z" finished-at="2017-05-14T22:07:37Z">
          <reporter-output>
          </reporter-output>
        </test-method> <!-- packup -->
      </class> <!-- TestCases.TestHome -->
    </test> <!-- Test -->
  </suite> <!-- Suite -->
</testng-results>
